2026-01-05T01:37:02 | touched: LICENSE
2025-02-26T07:39:44 | touched: Cargo.toml
2026-01-08T03:16:06 | touched: LICENSE
2025-01-20T15:12:18 | touched: Cargo.toml
2025-03-08T07:15:34 | touched: src/main.rs
2025-05-30T16:38:16 | touched: README.md
2025-12-24T13:46:05 | touched: Cargo.toml
2025-07-18T18:13:09 | touched: LICENSE
2025-07-17T19:15:43 | touched: LICENSE
2026-01-05T04:13:00 | touched: src/main.rs
2025-12-30T00:07:01 | touched: README.md
2024-08-12T09:42:34 | touched: LICENSE
2025-11-22T03:03:05 | touched: README.md
2026-01-19T01:34:30 | touched: src/lib.rs
2025-03-08T09:56:14 | touched: Cargo.toml
2025-10-07T11:17:31 | touched: src/main.rs
2026-02-05T13:27:07 | touched: Cargo.toml
2026-01-07T09:40:58 | touched: Cargo.toml
2026-01-31T19:51:47 | touched: src/main.rs
2025-12-25T02:21:08 | touched: Cargo.toml
